-------------------------------------------------------
    Sat Dec 08 2018 08:42:01 GMT-0500 (Eastern Standard Time): GET /api/exercise/users | PARAMS: {} | BODY: {}
-------------------------------------------------------
    Sat Dec 08 2018 08:50:07 GMT-0500 (Eastern Standard Time): GET /exercise | PARAMS: {} | BODY: {}
-------------------------------------------------------
    Sat Dec 08 2018 08:50:09 GMT-0500 (Eastern Standard Time): POST /api/exercise/new-user | PARAMS: {} | BODY: {
  "username": "admin"
}
-------------------------------------------------------
    Sat Dec 08 2018 08:50:31 GMT-0500 (Eastern Standard Time): GET /exercise | PARAMS: {} | BODY: {}
-------------------------------------------------------
    Sat Dec 08 2018 08:50:33 GMT-0500 (Eastern Standard Time): POST /api/exercise/new-user | PARAMS: {} | BODY: {
  "username": "admin"
}
-------------------------------------------------------
    Sat Dec 08 2018 08:51:05 GMT-0500 (Eastern Standard Time): GET /exercise | PARAMS: {} | BODY: {}
-------------------------------------------------------
    Sat Dec 08 2018 08:51:07 GMT-0500 (Eastern Standard Time): POST /api/exercise/new-user | PARAMS: {} | BODY: {
  "username": "admin"
}
-------------------------------------------------------
    Sat Dec 08 2018 08:52:13 GMT-0500 (Eastern Standard Time): GET /api/exercise/users | PARAMS: {} | BODY: {}
-------------------------------------------------------
    Sat Dec 08 2018 08:52:27 GMT-0500 (Eastern Standard Time): POST /api/exercise/add | PARAMS: {} | BODY: {
  "userId": "gugjopngy",
  "exercise": {
    "description": "flying",
    "duration": "10",
    "date": "2018 12 01"
  }
}
-------------------------------------------------------
    Sat Dec 08 2018 08:52:36 GMT-0500 (Eastern Standard Time): POST /api/exercise/add | PARAMS: {} | BODY: {
  "userId": "gfd",
  "exercise": {
    "description": "flying",
    "duration": "10",
    "date": "2018 12 01"
  }
}
-------------------------------------------------------
    Sat Dec 08 2018 08:53:55 GMT-0500 (Eastern Standard Time): POST /api/exercise/add | PARAMS: {} | BODY: {
  "userId": "gfd",
  "exercise": {
    "description": "flying",
    "duration": "10",
    "date": "2018 12 01"
  }
}
-------------------------------------------------------
    Sat Dec 08 2018 09:06:28 GMT-0500 (Eastern Standard Time): GET /exercise | PARAMS: {} | BODY: {}
-------------------------------------------------------
    Sat Dec 08 2018 09:06:32 GMT-0500 (Eastern Standard Time): GET /api/exercise/users | PARAMS: {} | BODY: {}
-------------------------------------------------------
    Sat Dec 08 2018 09:06:46 GMT-0500 (Eastern Standard Time): GET /api/exercise/users | PARAMS: {} | BODY: {}
-------------------------------------------------------
    Sat Dec 08 2018 09:06:53 GMT-0500 (Eastern Standard Time): GET /api/exercise/log?userId=m0ot2g5ch | PARAMS: {} | BODY: {}
-------------------------------------------------------
    Sat Dec 08 2018 09:08:15 GMT-0500 (Eastern Standard Time): GET /api/exercise/log?userId=m0ot2g5ch | PARAMS: {} | BODY: {}
-------------------------------------------------------
    Sat Dec 08 2018 09:08:45 GMT-0500 (Eastern Standard Time): GET /api/shorturl/new | PARAMS: {} | BODY: {}
-------------------------------------------------------
    Sat Dec 08 2018 09:09:04 GMT-0500 (Eastern Standard Time): GET /api/exercise/log?userId=m0ot2g5ch | PARAMS: {} | BODY: {}
-------------------------------------------------------
    Sat Dec 08 2018 09:09:08 GMT-0500 (Eastern Standard Time): GET /api/exercise/log?userId=m0ot | PARAMS: {} | BODY: {}
-------------------------------------------------------
    Sat Dec 08 2018 09:09:35 GMT-0500 (Eastern Standard Time): GET /api/exercise/log?userId=m0ot&from=z | PARAMS: {} | BODY: {}
-------------------------------------------------------
    Sat Dec 08 2018 09:09:47 GMT-0500 (Eastern Standard Time): GET /api/exercise/log?userId=rkodgdgng&from=2018-11-30&to=2018-12-02 | PARAMS: {} | BODY: {}
-------------------------------------------------------
    Sat Dec 08 2018 09:10:01 GMT-0500 (Eastern Standard Time): GET /api/exercise/log?userId=rkodgdgng&from=2018-11-30&to=2018-12-02 | PARAMS: {} | BODY: {}
-------------------------------------------------------
    Sat Dec 08 2018 09:10:03 GMT-0500 (Eastern Standard Time): GET /api/exercise/log?userId=m0ot2g5ch&from=2018-11-30&to=2018-12-02 | PARAMS: {} | BODY: {}
-------------------------------------------------------
    Sat Dec 08 2018 09:18:54 GMT-0500 (Eastern Standard Time): GET / | PARAMS: {} | BODY: {}
-------------------------------------------------------
    Sat Dec 08 2018 09:18:57 GMT-0500 (Eastern Standard Time): GET /shorturl | PARAMS: {} | BODY: {}
-------------------------------------------------------
    Sat Dec 08 2018 09:19:02 GMT-0500 (Eastern Standard Time): POST /api/shorturl | PARAMS: {} | BODY: {
  "url": "https://stackoverflow.com/"
}
-------------------------------------------------------
    Sat Dec 08 2018 09:19:05 GMT-0500 (Eastern Standard Time): POST /api/shorturl | PARAMS: {} | BODY: {
  "url": "https://stackoverflow.com/"
}
-------------------------------------------------------
    Sat Dec 08 2018 09:19:11 GMT-0500 (Eastern Standard Time): POST /api/shorturl | PARAMS: {} | BODY: {
  "url": "https://google.com/"
}
-------------------------------------------------------
    Sat Dec 08 2018 09:19:24 GMT-0500 (Eastern Standard Time): POST /api/shorturl | PARAMS: {} | BODY: {
  "url": "https://linkedin.com/"
}
-------------------------------------------------------
    Sat Dec 08 2018 09:19:27 GMT-0500 (Eastern Standard Time): GET /shorturl | PARAMS: {} | BODY: {}
-------------------------------------------------------
    Sat Dec 08 2018 09:19:32 GMT-0500 (Eastern Standard Time): POST /api/shorturl | PARAMS: {} | BODY: {
  "url": "https://www.freecodecamp.com"
}
-------------------------------------------------------
    Sat Dec 08 2018 09:23:38 GMT-0500 (Eastern Standard Time): POST /api/shorturl | PARAMS: {} | BODY: {
  "url": "https://www.freecodecamp.com"
}
-------------------------------------------------------
    Sat Dec 08 2018 09:23:51 GMT-0500 (Eastern Standard Time): GET /api/shorturl/new | PARAMS: {} | BODY: {}
-------------------------------------------------------
    Sat Dec 08 2018 09:24:06 GMT-0500 (Eastern Standard Time): GET /api/shorturl/9 | PARAMS: {} | BODY: {}
-------------------------------------------------------
    Sat Dec 08 2018 09:24:26 GMT-0500 (Eastern Standard Time): GET /shorturl | PARAMS: {} | BODY: {}
-------------------------------------------------------
    Sat Dec 08 2018 09:27:27 GMT-0500 (Eastern Standard Time): GET /shorturl | PARAMS: {} | BODY: {}
-------------------------------------------------------
    Sat Dec 08 2018 09:27:29 GMT-0500 (Eastern Standard Time): GET /timestamp | PARAMS: {} | BODY: {}
-------------------------------------------------------
    Sat Dec 08 2018 09:27:31 GMT-0500 (Eastern Standard Time): GET /shorturl | PARAMS: {} | BODY: {}
-------------------------------------------------------
    Sat Dec 08 2018 09:27:32 GMT-0500 (Eastern Standard Time): GET /exercise | PARAMS: {} | BODY: {}
-------------------------------------------------------
    Sat Dec 08 2018 09:27:33 GMT-0500 (Eastern Standard Time): GET /filemeta | PARAMS: {} | BODY: {}
-------------------------------------------------------
    Sat Dec 08 2018 09:27:34 GMT-0500 (Eastern Standard Time): GET /whoami | PARAMS: {} | BODY: {}
-------------------------------------------------------
    Sat Dec 08 2018 09:27:36 GMT-0500 (Eastern Standard Time): GET /poem | PARAMS: {} | BODY: {}
-------------------------------------------------------
    Sat Dec 08 2018 09:27:38 GMT-0500 (Eastern Standard Time): GET /weather | PARAMS: {} | BODY: {}
-------------------------------------------------------
    Sat Dec 08 2018 09:27:40 GMT-0500 (Eastern Standard Time): GET /exercise | PARAMS: {} | BODY: {}
-------------------------------------------------------
    Sat Dec 08 2018 09:27:53 GMT-0500 (Eastern Standard Time): GET /weather | PARAMS: {} | BODY: {}
-------------------------------------------------------
    Sat Dec 08 2018 09:27:59 GMT-0500 (Eastern Standard Time): GET /api/weather/New%20York | PARAMS: {} | BODY: {}
